<?xml version="1.0" encoding="UTF-8"?>
<!-- Generated by org.testng.reporters.JUnitXMLReporter -->
<testsuite ignored="4" hostname="Ripna_John" failures="0" tests="1" name="Default test" time="3.731" errors="0" timestamp="2024-07-15T15:31:03 IST">
  <testcase classname="RestAssure.Beeceptor" name="UpdateHook" time="3.657"/>
  <testcase classname="RestAssure.Beeceptor" name="getAllRecipes" time="0.0">
    <ignored/>
  </testcase> <!-- getAllRecipes -->
  <testcase classname="RestAssure.Beeceptor" name="GetSingleHook" time="0.0">
    <ignored/>
  </testcase> <!-- GetSingleHook -->
  <testcase classname="RestAssure.Beeceptor" name="GetHooks" time="0.0">
    <ignored/>
  </testcase> <!-- GetHooks -->
  <testcase classname="RestAssure.Beeceptor" name="DeleteHook" time="0.0">
    <ignored/>
  </testcase> <!-- DeleteHook -->
</testsuite> <!-- Default test -->
