<?xml version="1.0" encoding="UTF-8"?>
<testng-results ignored="4" total="5" passed="1" failed="0" skipped="0">
  <reporter-output>
  </reporter-output>
  <suite started-at="2024-07-15T15:31:00 IST" name="Default suite" finished-at="2024-07-15T15:31:03 IST" duration-ms="3731">
    <groups>
    </groups>
    <test started-at="2024-07-15T15:31:00 IST" name="Default test" finished-at="2024-07-15T15:31:03 IST" duration-ms="3731">
      <class name="RestAssure.Beeceptor">
        <test-method signature="UpdateHook()[pri:0, instance:RestAssure.Beeceptor@2c1b194a]" started-at="2024-07-15T15:31:00 IST" name="UpdateHook" finished-at="2024-07-15T15:31:03 IST" duration-ms="3657" status="PASS">
          <reporter-output>
          </reporter-output>
        </test-method> <!-- UpdateHook -->
      </class> <!-- RestAssure.Beeceptor -->
    </test> <!-- Default test -->
  </suite> <!-- Default suite -->
</testng-results>
